<?xml version="1.0" encoding="UTF-8"?>
<!-- Generated by org.testng.reporters.JUnitReportReporter -->
<testsuite skipped="0" hostname="viao-PC" name="com.qa.ahq.nswtripplanner.tests.NswTripPlannerTest" tests="1" failures="0" timestamp="18 Sep 2018 23:11:04 GMT" time="110.224" errors="0">
  <testcase name="validateListOfTripReturned" time="110.224" classname="com.qa.ahq.nswtripplanner.tests.NswTripPlannerTest"/>
</testsuite> <!-- com.qa.ahq.nswtripplanner.tests.NswTripPlannerTest -->
