<?xml version="1.0" encoding="UTF-8"?>
<!-- Generated by org.testng.reporters.JUnitReportReporter -->
<testsuite skipped="0" hostname="viao-PC" name="com.qa.ahq.nswtripplanner.tests.NswTripPlannerTest" tests="1" failures="0" timestamp="18 Sep 2018 22:48:41 GMT" time="51.800" errors="0">
  <testcase name="validateListOfTripReturned" time="51.800" classname="com.qa.ahq.nswtripplanner.tests.NswTripPlannerTest"/>
</testsuite> <!-- com.qa.ahq.nswtripplanner.tests.NswTripPlannerTest -->
